# JRE version: OpenJDK Runtime Environment (17.0.1+12) (build 17.0.1+12-39)
# Java VM: OpenJDK 64-Bit Server VM (17.0.1+12-39, mixed mode, emulated-client, sharing, tiered, compressed oops, compressed class ptrs, g1 gc, windows-amd64)
GC Precious Log:
 CPUs: 4 total, 4 available
 Memory: 12065M
 Large Page Support: Disabled
 NUMA Support: Disabled
 Compressed Oops: Enabled (Zero based)
 Heap Region Size: 2M
 Heap Min Capacity: 8M
 Heap Initial Capacity: 190M
 Heap Max Capacity: 3018M
 Pre-touch: Disabled
 Parallel Workers: 4
 Concurrent Workers: 1
 Concurrent Refinement Workers: 4
 Periodic GC: Disabled
Heap:
 garbage-first heap   total 104448K, used 43973K [0x0000000743600000, 0x0000000800000000)
  region size 2048K, 2 young (4096K), 2 survivors (4096K)
 Metaspace       used 52372K, committed 52800K, reserved 1097728K
  class space    used 7304K, committed 7488K, reserved 1048576K
GC Heap History (20 events):
Event: 2.994 GC heap after
{Heap after GC invocations=5 (full 0):
 garbage-first heap   total 194560K, used 14895K [0x0000000743600000, 0x0000000800000000)
  region size 2048K, 5 young (10240K), 5 survivors (10240K)
 Metaspace       used 21165K, committed 21504K, reserved 1073152K
  class space    used 2881K, committed 3072K, reserved 1048576K
}
Event: 3.268 GC heap before
{Heap before GC invocations=6 (full 0):
 garbage-first heap   total 69632K, used 49711K [0x0000000743600000, 0x0000000800000000)
  region size 2048K, 24 young (49152K), 5 survivors (10240K)
 Metaspace       used 24290K, committed 24640K, reserved 1073152K
  class space    used 3354K, committed 3520K, reserved 1048576K
}
Event: 3.277 GC heap after
{Heap after GC invocations=7 (full 0):
 garbage-first heap   total 69632K, used 17451K [0x0000000743600000, 0x0000000800000000)
  region size 2048K, 6 young (12288K), 6 survivors (12288K)
 Metaspace       used 24290K, committed 24640K, reserved 1073152K
  class space    used 3354K, committed 3520K, reserved 1048576K
}
Event: 3.277 GC heap before
{Heap before GC invocations=7 (full 0):
 garbage-first heap   total 69632K, used 17451K [0x0000000743600000, 0x0000000800000000)
  region size 2048K, 7 young (14336K), 6 survivors (12288K)
 Metaspace       used 24290K, committed 24640K, reserved 1073152K
  class space    used 3354K, committed 3520K, reserved 1048576K
}
Event: 3.284 GC heap after
{Heap after GC invocations=8 (full 0):
 garbage-first heap   total 69632K, used 17411K [0x0000000743600000, 0x0000000800000000)
  region size 2048K, 1 young (2048K), 1 survivors (2048K)
 Metaspace       used 24290K, committed 24640K, reserved 1073152K
  class space    used 3354K, committed 3520K, reserved 1048576K
}
Event: 3.321 GC heap before
{Heap before GC invocations=8 (full 0):
 garbage-first heap   total 69632K, used 46083K [0x0000000743600000, 0x0000000800000000)
  region size 2048K, 16 young (32768K), 1 survivors (2048K)
 Metaspace       used 24714K, committed 25024K, reserved 1073152K
  class space    used 3390K, committed 3520K, reserved 1048576K
}
Event: 3.322 GC heap after
{Heap after GC invocations=9 (full 0):
 garbage-first heap   total 198656K, used 17539K [0x0000000743600000, 0x0000000800000000)
  region size 2048K, 1 young (2048K), 1 survivors (2048K)
 Metaspace       used 24714K, committed 25024K, reserved 1073152K
  class space    used 3390K, committed 3520K, reserved 1048576K
}
Event: 3.961 GC heap before
{Heap before GC invocations=9 (full 0):
 garbage-first heap   total 198656K, used 111747K [0x0000000743600000, 0x0000000800000000)
  region size 2048K, 49 young (100352K), 1 survivors (2048K)
 Metaspace       used 35669K, committed 35968K, reserved 1081344K
  class space    used 4941K, committed 5120K, reserved 1048576K
}
Event: 3.965 GC heap after
{Heap after GC invocations=10 (full 0):
 garbage-first heap   total 198656K, used 20163K [0x0000000743600000, 0x0000000800000000)
  region size 2048K, 2 young (4096K), 2 survivors (4096K)
 Metaspace       used 35669K, committed 35968K, reserved 1081344K
  class space    used 4941K, committed 5120K, reserved 1048576K
}
Event: 4.596 GC heap before
{Heap before GC invocations=11 (full 0):
 garbage-first heap   total 90112K, used 69315K [0x0000000743600000, 0x0000000800000000)
  region size 2048K, 26 young (53248K), 2 survivors (4096K)
 Metaspace       used 42767K, committed 43072K, reserved 1089536K
  class space    used 6036K, committed 6208K, reserved 1048576K
}
Event: 4.602 GC heap after
{Heap after GC invocations=12 (full 0):
 garbage-first heap   total 90112K, used 23199K [0x0000000743600000, 0x0000000800000000)
  region size 2048K, 4 young (8192K), 4 survivors (8192K)
 Metaspace       used 42767K, committed 43072K, reserved 1089536K
  class space    used 6036K, committed 6208K, reserved 1048576K
}
Event: 4.625 GC heap before
{Heap before GC invocations=12 (full 0):
 garbage-first heap   total 90112K, used 25247K [0x0000000743600000, 0x0000000800000000)
  region size 2048K, 5 young (10240K), 4 survivors (8192K)
 Metaspace       used 43191K, committed 43520K, reserved 1089536K
  class space    used 6098K, committed 6272K, reserved 1048576K
}
Event: 4.630 GC heap after
{Heap after GC invocations=13 (full 0):
 garbage-first heap   total 90112K, used 23887K [0x0000000743600000, 0x0000000800000000)
  region size 2048K, 1 young (2048K), 1 survivors (2048K)
 Metaspace       used 43191K, committed 43520K, reserved 1089536K
  class space    used 6098K, committed 6272K, reserved 1048576K
}
Event: 4.902 GC heap before
{Heap before GC invocations=13 (full 0):
 garbage-first heap   total 90112K, used 66895K [0x0000000743600000, 0x0000000800000000)
  region size 2048K, 22 young (45056K), 1 survivors (2048K)
 Metaspace       used 45025K, committed 45376K, reserved 1089536K
  class space    used 6349K, committed 6528K, reserved 1048576K
}
Event: 4.905 GC heap after
{Heap after GC invocations=14 (full 0):
 garbage-first heap   total 90112K, used 25362K [0x0000000743600000, 0x0000000800000000)
  region size 2048K, 2 young (4096K), 2 survivors (4096K)
 Metaspace       used 45025K, committed 45376K, reserved 1089536K
  class space    used 6349K, committed 6528K, reserved 1048576K
}
Event: 5.283 GC heap before
{Heap before GC invocations=15 (full 0):
 garbage-first heap   total 90112K, used 66322K [0x0000000743600000, 0x0000000800000000)
  region size 2048K, 22 young (45056K), 2 survivors (4096K)
 Metaspace       used 49866K, committed 50304K, reserved 1097728K
  class space    used 6964K, committed 7168K, reserved 1048576K
}
Event: 5.290 GC heap after
{Heap after GC invocations=16 (full 0):
 garbage-first heap   total 90112K, used 30230K [0x0000000743600000, 0x0000000800000000)
  region size 2048K, 3 young (6144K), 3 survivors (6144K)
 Metaspace       used 49866K, committed 50304K, reserved 1097728K
  class space    used 6964K, committed 7168K, reserved 1048576K
}
Event: 5.416 GC heap before
{Heap before GC invocations=16 (full 0):
 garbage-first heap   total 90112K, used 67094K [0x0000000743600000, 0x0000000800000000)
  region size 2048K, 22 young (45056K), 3 survivors (6144K)
 Metaspace       used 50054K, committed 50560K, reserved 1097728K
  class space    used 6990K, committed 7232K, reserved 1048576K
}
Event: 5.427 GC heap after
{Heap after GC invocations=17 (full 0):
 garbage-first heap   total 90112K, used 40253K [0x0000000743600000, 0x0000000800000000)
  region size 2048K, 3 young (6144K), 3 survivors (6144K)
 Metaspace       used 50054K, committed 50560K, reserved 1097728K
  class space    used 6990K, committed 7232K, reserved 1048576K
}
Event: 5.690 GC heap before
{Heap before GC invocations=17 (full 0):
 garbage-first heap   total 90112K, used 66877K [0x0000000743600000, 0x0000000800000000)
  region size 2048K, 16 young (32768K), 3 survivors (6144K)
 Metaspace       used 52372K, committed 52800K, reserved 1097728K
  class space    used 7304K, committed 7488K, reserved 1048576K
}

